<?xml version="1.0" encoding="UTF-8"?>
<testsuite xmlns:xsi="http://www.w3.org/2001/XMLSchema-instance" xsi:noNamespaceSchemaLocation="https://maven.apache.org/surefire/maven-surefire-plugin/xsd/surefire-test-report.xsd" name="TestSuite" time="389.495" tests="5" errors="0" skipped="0" failures="1">
  <properties>
[...]
</properties>
  <testcase name="BusModule" classname="com.qa.testscript.TC_BusModule_001" time="34.801"/>
  <testcase name="bookTrain" classname="com.qa.testscript.TC_TrainsModule_001" time="81.977"/>
  <testcase name="HotelsBooking" classname="com.qa.testscript.TC_HotelsBookingModule_001" time="130.971"/>
  <testcase name="cabsTesting" classname="com.qa.testscript.TC_CabsModule_001" time="54.345"/>
  <testcase name="searchFlight" classname="com.qa.testscript.TC_FlightsModule_001" time="57.173">
    <failure message="no such element: Unable to locate element: {&quot;method&quot;:&quot;xpath&quot;,&quot;selector&quot;:&quot;//span[text()=&apos;Vistara&apos;]/preceding-sibling::span[@class=&apos;alignItemsCenter dF padT5&apos;]/parent::span[@class=&apos;flexCol padL5&apos;]/parent::div[@class=&apos;dF justifyBetween flex1 alignItemsCenter&apos;]&quot;}&#10;  (Session info: chrome=93.0.4577.82)&#10;For documentation on this error, please visit: https://www.seleniumhq.org/exceptions/no_such_element.html&#10;Build info: version: &apos;3.141.59&apos;, revision: &apos;e82be7d358&apos;, time: &apos;2018-11-14T08:17:03&apos;&#10;System info: host: &apos;JARVIS-SKYNET&apos;, ip: &apos;192.168.1.104&apos;, os.name: &apos;Windows 10&apos;, os.arch: &apos;amd64&apos;, os.version: &apos;10.0&apos;, java.version: &apos;16.0.2&apos;&#10;Driver info: org.openqa.selenium.chrome.ChromeDriver&#10;Capabilities {acceptInsecureCerts: false, browserName: chrome, browserVersion: 93.0.4577.82, chrome: {chromedriverVersion: 93.0.4577.63 (ff5c0da2ec0ad..., userDataDir: C:\Users\CHITTURI\AppData\L...}, goog:chromeOptions: {debuggerAddress: localhost:52854}, javascriptEnabled: true, networkConnectionEnabled: false, pageLoadStrategy: normal, platform: WINDOWS, platformName: WINDOWS, proxy: Proxy(), setWindowRect: true, strictFileInteractability: false, timeouts: {implicit: 0, pageLoad: 300000, script: 30000}, unhandledPromptBehavior: dismiss and notify, webauthn:extension:credBlob: true, webauthn:extension:largeBlob: true, webauthn:virtualAuthenticators: true}&#10;Session ID: 7e7825b8a8c9d18bdbe8438837ae272d&#10;*** Element info: {Using=xpath, value=//span[text()=&apos;Vistara&apos;]/preceding-sibling::span[@class=&apos;alignItemsCenter dF padT5&apos;]/parent::span[@class=&apos;flexCol padL5&apos;]/parent::div[@class=&apos;dF justifyBetween flex1 alignItemsCenter&apos;]}" type="org.openqa.selenium.NoSuchElementException">org.openqa.selenium.NoSuchElementException: 
no such element: Unable to locate element: {"method":"xpath","selector":"//span[text()='Vistara']/preceding-sibling::span[@class='alignItemsCenter dF padT5']/parent::span[@class='flexCol padL5']/parent::div[@class='dF justifyBetween flex1 alignItemsCenter']"}
  (Session info: chrome=93.0.4577.82)
For documentation on this error, please visit: https://www.seleniumhq.org/exceptions/no_such_element.html
Build info: version: '3.141.59', revision: 'e82be7d358', time: '2018-11-14T08:17:03'
System info: host: 'JARVIS-SKYNET', ip: '192.168.1.104', os.name: 'Windows 10', os.arch: 'amd64', os.version: '10.0', java.version: '16.0.2'
Driver info: org.openqa.selenium.chrome.ChromeDriver
Capabilities {acceptInsecureCerts: false, browserName: chrome, browserVersion: 93.0.4577.82, chrome: {chromedriverVersion: 93.0.4577.63 (ff5c0da2ec0ad..., userDataDir: C:\Users\CHITTURI\AppData\L...}, goog:chromeOptions: {debuggerAddress: localhost:52854}, javascriptEnabled: true, networkConnectionEnabled: false, pageLoadStrategy: normal, platform: WINDOWS, platformName: WINDOWS, proxy: Proxy(), setWindowRect: true, strictFileInteractability: false, timeouts: {implicit: 0, pageLoad: 300000, script: 30000}, unhandledPromptBehavior: dismiss and notify, webauthn:extension:credBlob: true, webauthn:extension:largeBlob: true, webauthn:virtualAuthenticators: true}
Session ID: 7e7825b8a8c9d18bdbe8438837ae272d
*** Element info: {Using=xpath, value=//span[text()='Vistara']/preceding-sibling::span[@class='alignItemsCenter dF padT5']/parent::span[@class='flexCol padL5']/parent::div[@class='dF justifyBetween flex1 alignItemsCenter']}
	at com.qa.testscript.TC_FlightsModule_001.searchFlight(TC_FlightsModule_001.java:83)
</failure>
    <system-err><![CDATA[Starting ChromeDriver 93.0.4577.63 (ff5c0da2ec0adeaed5550e6c7e98417dac77d98a-refs/branch-heads/4577@{#1135}) on port 48265
Only local connections are allowed.
Please see https://chromedriver.chromium.org/security-considerations for suggestions on keeping ChromeDriver safe.
ChromeDriver was started successfully.
Sep 22, 2021 5:43:04 PM org.openqa.selenium.remote.ProtocolHandshake createSession
INFO: Detected dialect: W3C
]]></system-err>
  </testcase>
</testsuite>