<?xml version="1.0" encoding="UTF-8"?>
<testng-results ignored="0" total="5" passed="4" failed="1" skipped="0">
  <reporter-output>
    <line>
      <![CDATA[Navigated to Train category successfully.]]>
    </line>
    <line>
      <![CDATA[Searched the train successfully.]]>
    </line>
    <line>
      <![CDATA[Choosen the train successfully.]]>
    </line>
    <line>
      <![CDATA[The payment page is displayed successfully.]]>
    </line>
    <line>
      <![CDATA[India is selected]]>
    </line>
    <line>
      <![CDATA[Hyderabad
City
1340 Hotels]]>
    </line>
    <line>
      <![CDATA[Near Nampally Train Station, Hyderabad
Area
216 Hotels]]>
    </line>
    <line>
      <![CDATA[Secunderabad, Hyderabad
Area
142 Hotels]]>
    </line>
    <line>
      <![CDATA[Gachibowli, Hyderabad
Area
129 Hotels]]>
    </line>
    <line>
      <![CDATA[Rajiv Gandhi Intl Airport ( HYD ), Hyderabad
Airport
533 Hotels]]>
    </line>
    <line>
      <![CDATA[Hyderabad Biryani House, Ooty
Landmark
261 Hotels]]>
    </line>
    <line>
      <![CDATA[CARE Hospitals - Banjara Hills, Hyderabad, Hyderabad
Landmark
328 Hotels]]>
    </line>
    <line>
      <![CDATA[Hyderabad days, Hyderabad
Hotel]]>
    </line>
    <line>
      <![CDATA[Hyderabad Marriott Hotel and Convention Centre, Hyderabad
Hotel
4.4 / 5]]>
    </line>
    <line>
      <![CDATA[Pay At hotel is Clicked]]>
    </line>
    <line>
      <![CDATA[Price Range Clicked]]>
    </line>
    <line>
      <![CDATA[Clear is Clicked]]>
    </line>
    <line>
      <![CDATA[Hotel Rainbow Tower Shamshabad Airport Zone]]>
    </line>
    <line>
      <![CDATA[Blue Dawn Suites Service Appartment]]>
    </line>
    <line>
      <![CDATA[OYO 69510 Hotel 3m]]>
    </line>
    <line>
      <![CDATA[Aditya Hometel Hyderabad - A Sarovar Hotel]]>
    </line>
    <line>
      <![CDATA[2832]]>
    </line>
    <line>
      <![CDATA[2761]]>
    </line>
    <line>
      <![CDATA[3650]]>
    </line>
    <line>
      <![CDATA[3583]]>
    </line>
    <line>
      <![CDATA[Room optionsis clicked]]>
    </line>
    <line>
      <![CDATA[Amenities is clicked]]>
    </line>
    <line>
      <![CDATA[Guestreview is clicked]]>
    </line>
    <line>
      <![CDATA[hotelpolicies is clicked]]>
    </line>
    <line>
      <![CDATA[User in the Booking Page/Payment Page]]>
    </line>
    <line>
      <![CDATA[FirstName Input is Correctly Entered]]>
    </line>
    <line>
      <![CDATA[LastName Input is entered Correctly]]>
    </line>
  </reporter-output>
  <suite started-at="2021-09-22T17:37:35 IST" name="Goibibo Functional Testing" finished-at="2021-09-22T17:44:04 IST" duration-ms="388448">
    <groups>
    </groups>
    <test started-at="2021-09-22T17:37:35 IST" name="Functional Test" finished-at="2021-09-22T17:44:04 IST" duration-ms="388448">
      <class name="com.qa.testscript.TC_TrainsModule_001">
        <test-method is-config="true" signature="setUp(java.lang.String, java.lang.String)[pri:0, instance:com.qa.testscript.TC_TrainsModule_001@60015ef5]" started-at="2021-09-22T17:38:21 IST" name="setUp" finished-at="2021-09-22T17:38:24 IST" duration-ms="3288" status="PASS">
          <params>
            <param index="0">
              <value>
                <![CDATA[Chrome]]>
              </value>
            </param>
            <param index="1">
              <value>
                <![CDATA[https://www.goibibo.com/]]>
              </value>
            </param>
          </params>
          <reporter-output>
          </reporter-output>
        </test-method> <!-- setUp -->
        <test-method signature="bookTrain(java.lang.String, java.lang.String, java.lang.String, java.lang.String, java.lang.String, java.lang.String, java.lang.String, java.lang.String, java.lang.String, java.lang.String, java.lang.String)[pri:1, instance:com.qa.testscript.TC_TrainsModule_001@60015ef5]" started-at="2021-09-22T17:38:24 IST" name="bookTrain" data-provider="excelData" finished-at="2021-09-22T17:39:46 IST" duration-ms="81978" status="PASS">
          <params>
            <param index="0">
              <value>
                <![CDATA[Coimbatore main]]>
              </value>
            </param>
            <param index="1">
              <value>
                <![CDATA[Bangalore city]]>
              </value>
            </param>
            <param index="2">
              <value>
                <![CDATA[CBE LTT SPL - 01014]]>
              </value>
            </param>
            <param index="3">
              <value>
                <![CDATA[Kavi]]>
              </value>
            </param>
            <param index="4">
              <value>
                <![CDATA[23.0]]>
              </value>
            </param>
            <param index="5">
              <value>
                <![CDATA[27B, Horizon's Apartment]]>
              </value>
            </param>
            <param index="6">
              <value>
                <![CDATA[560067.0]]>
              </value>
            </param>
            <param index="7">
              <value>
                <![CDATA[8.574965215E9]]>
              </value>
            </param>
            <param index="8">
              <value>
                <![CDATA[kavi@gmail.com]]>
              </value>
            </param>
            <param index="9">
              <value>
                <![CDATA[kavi12]]>
              </value>
            </param>
            <param index="10">
              <value>
                <![CDATA[S4]]>
              </value>
            </param>
          </params>
          <reporter-output>
            <line>
              <![CDATA[Navigated to Train category successfully.]]>
            </line>
            <line>
              <![CDATA[Searched the train successfully.]]>
            </line>
            <line>
              <![CDATA[Choosen the train successfully.]]>
            </line>
            <line>
              <![CDATA[The payment page is displayed successfully.]]>
            </line>
          </reporter-output>
        </test-method> <!-- bookTrain -->
        <test-method is-config="true" signature="tearDown()[pri:0, instance:com.qa.testscript.TC_TrainsModule_001@60015ef5]" started-at="2021-09-22T17:39:46 IST" name="tearDown" finished-at="2021-09-22T17:39:46 IST" duration-ms="224" status="PASS">
          <reporter-output>
          </reporter-output>
        </test-method> <!-- tearDown -->
      </class> <!-- com.qa.testscript.TC_TrainsModule_001 -->
      <class name="com.qa.testscript.TC_BusModule_001">
        <test-method is-config="true" signature="setUp(java.lang.String, java.lang.String)[pri:0, instance:com.qa.testscript.TC_BusModule_001@55740540]" started-at="2021-09-22T17:37:35 IST" name="setUp" finished-at="2021-09-22T17:37:41 IST" duration-ms="5264" status="PASS">
          <params>
            <param index="0">
              <value>
                <![CDATA[Chrome]]>
              </value>
            </param>
            <param index="1">
              <value>
                <![CDATA[https://www.goibibo.com/]]>
              </value>
            </param>
          </params>
          <reporter-output>
          </reporter-output>
        </test-method> <!-- setUp -->
        <test-method signature="BusModule(java.lang.String, java.lang.String, java.lang.String, java.lang.String, java.lang.String, java.lang.String, java.lang.String, java.lang.String, java.lang.String, java.lang.String, java.lang.String, java.lang.String)[pri:0, instance:com.qa.testscript.TC_BusModule_001@55740540]" started-at="2021-09-22T17:37:42 IST" name="BusModule" data-provider="excelData" finished-at="2021-09-22T17:38:16 IST" duration-ms="34799" status="PASS">
          <params>
            <param index="0">
              <value>
                <![CDATA[Coimbatore]]>
              </value>
            </param>
            <param index="1">
              <value>
                <![CDATA[Chennai]]>
              </value>
            </param>
            <param index="2">
              <value>
                <![CDATA[12-Oct-2021]]>
              </value>
            </param>
            <param index="3">
              <value>
                <![CDATA[Vadavalli]]>
              </value>
            </param>
            <param index="4">
              <value>
                <![CDATA[Anna Nagar]]>
              </value>
            </param>
            <param index="5">
              <value>
                <![CDATA[Lawley Road]]>
              </value>
            </param>
            <param index="6">
              <value>
                <![CDATA[Urapakkam]]>
              </value>
            </param>
            <param index="7">
              <value>
                <![CDATA[Female]]>
              </value>
            </param>
            <param index="8">
              <value>
                <![CDATA[Dharshiny Sundaresan]]>
              </value>
            </param>
            <param index="9">
              <value>
                <![CDATA[21.0]]>
              </value>
            </param>
            <param index="10">
              <value>
                <![CDATA[test@gmail.com]]>
              </value>
            </param>
            <param index="11">
              <value>
                <![CDATA[9.999988888E9]]>
              </value>
            </param>
          </params>
          <reporter-output>
          </reporter-output>
        </test-method> <!-- BusModule -->
        <test-method is-config="true" signature="tearDown()[pri:0, instance:com.qa.testscript.TC_BusModule_001@55740540]" started-at="2021-09-22T17:38:16 IST" name="tearDown" finished-at="2021-09-22T17:38:21 IST" duration-ms="4164" status="PASS">
          <reporter-output>
          </reporter-output>
        </test-method> <!-- tearDown -->
      </class> <!-- com.qa.testscript.TC_BusModule_001 -->
      <class name="com.qa.testscript.TC_CabsModule_001">
        <test-method is-config="true" signature="setUp(java.lang.String, java.lang.String)[pri:0, instance:com.qa.testscript.TC_CabsModule_001@1018bde2]" started-at="2021-09-22T17:42:01 IST" name="setUp" finished-at="2021-09-22T17:42:04 IST" duration-ms="3329" status="PASS">
          <params>
            <param index="0">
              <value>
                <![CDATA[Chrome]]>
              </value>
            </param>
            <param index="1">
              <value>
                <![CDATA[https://www.goibibo.com/]]>
              </value>
            </param>
          </params>
          <reporter-output>
          </reporter-output>
        </test-method> <!-- setUp -->
        <test-method signature="cabsTesting(java.lang.String, java.lang.String, java.lang.String, java.lang.String, java.lang.String, java.lang.String)[pri:0, instance:com.qa.testscript.TC_CabsModule_001@1018bde2]" started-at="2021-09-22T17:42:04 IST" name="cabsTesting" data-provider="excelData" finished-at="2021-09-22T17:42:59 IST" duration-ms="54345" status="PASS">
          <params>
            <param index="0">
              <value>
                <![CDATA[Hyderabad]]>
              </value>
            </param>
            <param index="1">
              <value>
                <![CDATA[Banglore]]>
              </value>
            </param>
            <param index="2">
              <value>
                <![CDATA[Beeramguda]]>
              </value>
            </param>
            <param index="3">
              <value>
                <![CDATA[Vamshi]]>
              </value>
            </param>
            <param index="4">
              <value>
                <![CDATA[1.234567891E9]]>
              </value>
            </param>
            <param index="5">
              <value>
                <![CDATA[test@gmail.com]]>
              </value>
            </param>
          </params>
          <reporter-output>
          </reporter-output>
        </test-method> <!-- cabsTesting -->
        <test-method is-config="true" signature="tearDown()[pri:0, instance:com.qa.testscript.TC_CabsModule_001@1018bde2]" started-at="2021-09-22T17:42:59 IST" name="tearDown" finished-at="2021-09-22T17:43:03 IST" duration-ms="4174" status="PASS">
          <reporter-output>
          </reporter-output>
        </test-method> <!-- tearDown -->
      </class> <!-- com.qa.testscript.TC_CabsModule_001 -->
      <class name="com.qa.testscript.TC_HotelsBookingModule_001">
        <test-method is-config="true" signature="setUp(java.lang.String, java.lang.String)[pri:0, instance:com.qa.testscript.TC_HotelsBookingModule_001@2f54a33d]" started-at="2021-09-22T17:39:46 IST" name="setUp" finished-at="2021-09-22T17:39:50 IST" duration-ms="3523" status="PASS">
          <params>
            <param index="0">
              <value>
                <![CDATA[Chrome]]>
              </value>
            </param>
            <param index="1">
              <value>
                <![CDATA[https://www.goibibo.com/]]>
              </value>
            </param>
          </params>
          <reporter-output>
          </reporter-output>
        </test-method> <!-- setUp -->
        <test-method signature="HotelsBooking(java.lang.String, java.lang.String, java.lang.String, java.lang.String, java.lang.String, java.lang.String, java.lang.String, java.lang.String)[pri:1, instance:com.qa.testscript.TC_HotelsBookingModule_001@2f54a33d]" started-at="2021-09-22T17:39:50 IST" name="HotelsBooking" data-provider="excelData" finished-at="2021-09-22T17:42:01 IST" duration-ms="130971" status="PASS">
          <params>
            <param index="0">
              <value>
                <![CDATA[Miss]]>
              </value>
            </param>
            <param index="1">
              <value>
                <![CDATA[Sai Alekhya]]>
              </value>
            </param>
            <param index="2">
              <value>
                <![CDATA[Chitturi]]>
              </value>
            </param>
            <param index="3">
              <value>
                <![CDATA[testing@gmail.com]]>
              </value>
            </param>
            <param index="4">
              <value>
                <![CDATA[9.542695032E9]]>
              </value>
            </param>
            <param index="5">
              <value>
                <![CDATA[Hyderabad]]>
              </value>
            </param>
            <param index="6">
              <value>
                <![CDATA[12-Nov-2021]]>
              </value>
            </param>
            <param index="7">
              <value>
                <![CDATA[15-Nov-2021]]>
              </value>
            </param>
          </params>
          <reporter-output>
            <line>
              <![CDATA[India is selected]]>
            </line>
            <line>
              <![CDATA[Hyderabad
City
1340 Hotels]]>
            </line>
            <line>
              <![CDATA[Near Nampally Train Station, Hyderabad
Area
216 Hotels]]>
            </line>
            <line>
              <![CDATA[Secunderabad, Hyderabad
Area
142 Hotels]]>
            </line>
            <line>
              <![CDATA[Gachibowli, Hyderabad
Area
129 Hotels]]>
            </line>
            <line>
              <![CDATA[Rajiv Gandhi Intl Airport ( HYD ), Hyderabad
Airport
533 Hotels]]>
            </line>
            <line>
              <![CDATA[Hyderabad Biryani House, Ooty
Landmark
261 Hotels]]>
            </line>
            <line>
              <![CDATA[CARE Hospitals - Banjara Hills, Hyderabad, Hyderabad
Landmark
328 Hotels]]>
            </line>
            <line>
              <![CDATA[Hyderabad days, Hyderabad
Hotel]]>
            </line>
            <line>
              <![CDATA[Hyderabad Marriott Hotel and Convention Centre, Hyderabad
Hotel
4.4 / 5]]>
            </line>
            <line>
              <![CDATA[Pay At hotel is Clicked]]>
            </line>
            <line>
              <![CDATA[Price Range Clicked]]>
            </line>
            <line>
              <![CDATA[Clear is Clicked]]>
            </line>
            <line>
              <![CDATA[Hotel Rainbow Tower Shamshabad Airport Zone]]>
            </line>
            <line>
              <![CDATA[Blue Dawn Suites Service Appartment]]>
            </line>
            <line>
              <![CDATA[OYO 69510 Hotel 3m]]>
            </line>
            <line>
              <![CDATA[Aditya Hometel Hyderabad - A Sarovar Hotel]]>
            </line>
            <line>
              <![CDATA[2832]]>
            </line>
            <line>
              <![CDATA[2761]]>
            </line>
            <line>
              <![CDATA[3650]]>
            </line>
            <line>
              <![CDATA[3583]]>
            </line>
            <line>
              <![CDATA[Room optionsis clicked]]>
            </line>
            <line>
              <![CDATA[Amenities is clicked]]>
            </line>
            <line>
              <![CDATA[Guestreview is clicked]]>
            </line>
            <line>
              <![CDATA[hotelpolicies is clicked]]>
            </line>
            <line>
              <![CDATA[User in the Booking Page/Payment Page]]>
            </line>
            <line>
              <![CDATA[FirstName Input is Correctly Entered]]>
            </line>
            <line>
              <![CDATA[LastName Input is entered Correctly]]>
            </line>
          </reporter-output>
        </test-method> <!-- HotelsBooking -->
        <test-method is-config="true" signature="tearDown()[pri:0, instance:com.qa.testscript.TC_HotelsBookingModule_001@2f54a33d]" started-at="2021-09-22T17:42:01 IST" name="tearDown" finished-at="2021-09-22T17:42:01 IST" duration-ms="132" status="PASS">
          <reporter-output>
          </reporter-output>
        </test-method> <!-- tearDown -->
      </class> <!-- com.qa.testscript.TC_HotelsBookingModule_001 -->
      <class name="com.qa.testscript.TC_FlightsModule_001">
        <test-method is-config="true" signature="setUp(java.lang.String, java.lang.String)[pri:0, instance:com.qa.testscript.TC_FlightsModule_001@65b3f4a4]" started-at="2021-09-22T17:43:03 IST" name="setUp" finished-at="2021-09-22T17:43:06 IST" duration-ms="3221" status="PASS">
          <params>
            <param index="0">
              <value>
                <![CDATA[Chrome]]>
              </value>
            </param>
            <param index="1">
              <value>
                <![CDATA[https://www.goibibo.com/]]>
              </value>
            </param>
          </params>
          <reporter-output>
          </reporter-output>
        </test-method> <!-- setUp -->
        <test-method signature="searchFlight(java.lang.String, java.lang.String, java.lang.String, java.lang.String, java.lang.String, java.lang.String, java.lang.String, java.lang.String, java.lang.String)[pri:0, instance:com.qa.testscript.TC_FlightsModule_001@65b3f4a4]" started-at="2021-09-22T17:43:06 IST" name="searchFlight" data-provider="excelData" finished-at="2021-09-22T17:44:03 IST" duration-ms="57163" status="FAIL">
          <params>
            <param index="0">
              <value>
                <![CDATA[Mumbai]]>
              </value>
            </param>
            <param index="1">
              <value>
                <![CDATA[Delhi]]>
              </value>
            </param>
            <param index="2">
              <value>
                <![CDATA[B]]>
              </value>
            </param>
            <param index="3">
              <value>
                <![CDATA[1.0]]>
              </value>
            </param>
            <param index="4">
              <value>
                <![CDATA[Mr]]>
              </value>
            </param>
            <param index="5">
              <value>
                <![CDATA[Mano Prajith ]]>
              </value>
            </param>
            <param index="6">
              <value>
                <![CDATA[R]]>
              </value>
            </param>
            <param index="7">
              <value>
                <![CDATA[manoprajith@rediffmail.com]]>
              </value>
            </param>
            <param index="8">
              <value>
                <![CDATA[8.760065582E9]]>
              </value>
            </param>
          </params>
          <exception class="org.openqa.selenium.NoSuchElementException">
            <message>
              <![CDATA[no such element: Unable to locate element: {"method":"xpath","selector":"//span[text()='Vistara']/preceding-sibling::span[@class='alignItemsCenter dF padT5']/parent::span[@class='flexCol padL5']/parent::div[@class='dF justifyBetween flex1 alignItemsCenter']"}
  (Session info: chrome=93.0.4577.82)
For documentation on this error, please visit: https://www.seleniumhq.org/exceptions/no_such_element.html
Build info: version: '3.141.59', revision: 'e82be7d358', time: '2018-11-14T08:17:03'
System info: host: 'JARVIS-SKYNET', ip: '192.168.1.104', os.name: 'Windows 10', os.arch: 'amd64', os.version: '10.0', java.version: '16.0.2'
Driver info: org.openqa.selenium.chrome.ChromeDriver
Capabilities {acceptInsecureCerts: false, browserName: chrome, browserVersion: 93.0.4577.82, chrome: {chromedriverVersion: 93.0.4577.63 (ff5c0da2ec0ad..., userDataDir: C:\Users\CHITTURI\AppData\L...}, goog:chromeOptions: {debuggerAddress: localhost:52854}, javascriptEnabled: true, networkConnectionEnabled: false, pageLoadStrategy: normal, platform: WINDOWS, platformName: WINDOWS, proxy: Proxy(), setWindowRect: true, strictFileInteractability: false, timeouts: {implicit: 0, pageLoad: 300000, script: 30000}, unhandledPromptBehavior: dismiss and notify, webauthn:extension:credBlob: true, webauthn:extension:largeBlob: true, webauthn:virtualAuthenticators: true}
Session ID: 7e7825b8a8c9d18bdbe8438837ae272d
*** Element info: {Using=xpath, value=//span[text()='Vistara']/preceding-sibling::span[@class='alignItemsCenter dF padT5']/parent::span[@class='flexCol padL5']/parent::div[@class='dF justifyBetween flex1 alignItemsCenter']}]]>
            </message>
            <full-stacktrace>
              <![CDATA[org.openqa.selenium.NoSuchElementException: no such element: Unable to locate element: {"method":"xpath","selector":"//span[text()='Vistara']/preceding-sibling::span[@class='alignItemsCenter dF padT5']/parent::span[@class='flexCol padL5']/parent::div[@class='dF justifyBetween flex1 alignItemsCenter']"}
  (Session info: chrome=93.0.4577.82)
For documentation on this error, please visit: https://www.seleniumhq.org/exceptions/no_such_element.html
Build info: version: '3.141.59', revision: 'e82be7d358', time: '2018-11-14T08:17:03'
System info: host: 'JARVIS-SKYNET', ip: '192.168.1.104', os.name: 'Windows 10', os.arch: 'amd64', os.version: '10.0', java.version: '16.0.2'
Driver info: org.openqa.selenium.chrome.ChromeDriver
Capabilities {acceptInsecureCerts: false, browserName: chrome, browserVersion: 93.0.4577.82, chrome: {chromedriverVersion: 93.0.4577.63 (ff5c0da2ec0ad..., userDataDir: C:\Users\CHITTURI\AppData\L...}, goog:chromeOptions: {debuggerAddress: localhost:52854}, javascriptEnabled: true, networkConnectionEnabled: false, pageLoadStrategy: normal, platform: WINDOWS, platformName: WINDOWS, proxy: Proxy(), setWindowRect: true, strictFileInteractability: false, timeouts: {implicit: 0, pageLoad: 300000, script: 30000}, unhandledPromptBehavior: dismiss and notify, webauthn:extension:credBlob: true, webauthn:extension:largeBlob: true, webauthn:virtualAuthenticators: true}
Session ID: 7e7825b8a8c9d18bdbe8438837ae272d
*** Element info: {Using=xpath, value=//span[text()='Vistara']/preceding-sibling::span[@class='alignItemsCenter dF padT5']/parent::span[@class='flexCol padL5']/parent::div[@class='dF justifyBetween flex1 alignItemsCenter']}
at java.base/jdk.internal.reflect.NativeConstructorAccessorImpl.newInstance0(Native Method)
at java.base/jdk.internal.reflect.NativeConstructorAccessorImpl.newInstance(NativeConstructorAccessorImpl.java:78)
at java.base/jdk.internal.reflect.DelegatingConstructorAccessorImpl.newInstance(DelegatingConstructorAccessorImpl.java:45)
at java.base/java.lang.reflect.Constructor.newInstanceWithCaller(Constructor.java:499)
at java.base/java.lang.reflect.Constructor.newInstance(Constructor.java:480)
at org.openqa.selenium.remote.http.W3CHttpResponseCodec.createException(W3CHttpResponseCodec.java:187)
at org.openqa.selenium.remote.http.W3CHttpResponseCodec.decode(W3CHttpResponseCodec.java:122)
at org.openqa.selenium.remote.http.W3CHttpResponseCodec.decode(W3CHttpResponseCodec.java:49)
at org.openqa.selenium.remote.HttpCommandExecutor.execute(HttpCommandExecutor.java:158)
at org.openqa.selenium.remote.service.DriverCommandExecutor.execute(DriverCommandExecutor.java:83)
at org.openqa.selenium.remote.RemoteWebDriver.execute(RemoteWebDriver.java:552)
at org.openqa.selenium.remote.RemoteWebDriver.findElement(RemoteWebDriver.java:323)
at org.openqa.selenium.remote.RemoteWebDriver.findElementByXPath(RemoteWebDriver.java:428)
at org.openqa.selenium.By$ByXPath.findElement(By.java:353)
at org.openqa.selenium.remote.RemoteWebDriver.findElement(RemoteWebDriver.java:315)
at org.openqa.selenium.support.pagefactory.DefaultElementLocator.findElement(DefaultElementLocator.java:69)
at org.openqa.selenium.support.pagefactory.internal.LocatingElementHandler.invoke(LocatingElementHandler.java:38)
at jdk.proxy2/jdk.proxy2.$Proxy11.isDisplayed(Unknown Source)
at com.qa.testscript.TC_FlightsModule_001.searchFlight(TC_FlightsModule_001.java:83)
at java.base/jdk.internal.reflect.NativeMethodAccessorImpl.invoke0(Native Method)
at java.base/jdk.internal.reflect.NativeMethodAccessorImpl.invoke(NativeMethodAccessorImpl.java:78)
at java.base/jdk.internal.reflect.DelegatingMethodAccessorImpl.invoke(DelegatingMethodAccessorImpl.java:43)
at java.base/java.lang.reflect.Method.invoke(Method.java:567)
at org.testng.internal.MethodInvocationHelper.invokeMethod(MethodInvocationHelper.java:132)
at org.testng.internal.TestInvoker.invokeMethod(TestInvoker.java:599)
at org.testng.internal.TestInvoker.invokeTestMethod(TestInvoker.java:174)
at org.testng.internal.MethodRunner.runInSequence(MethodRunner.java:46)
at org.testng.internal.TestInvoker$MethodInvocationAgent.invoke(TestInvoker.java:822)
at org.testng.internal.TestInvoker.invokeTestMethods(TestInvoker.java:147)
at org.testng.internal.TestMethodWorker.invokeTestMethods(TestMethodWorker.java:146)
at org.testng.internal.TestMethodWorker.run(TestMethodWorker.java:128)
at java.base/java.util.ArrayList.forEach(ArrayList.java:1511)
at org.testng.TestRunner.privateRun(TestRunner.java:764)
at org.testng.TestRunner.run(TestRunner.java:585)
at org.testng.SuiteRunner.runTest(SuiteRunner.java:384)
at org.testng.SuiteRunner.runSequentially(SuiteRunner.java:378)
at org.testng.SuiteRunner.privateRun(SuiteRunner.java:337)
at org.testng.SuiteRunner.run(SuiteRunner.java:286)
at org.testng.SuiteRunnerWorker.runSuite(SuiteRunnerWorker.java:53)
at org.testng.SuiteRunnerWorker.run(SuiteRunnerWorker.java:96)
at org.testng.TestNG.runSuitesSequentially(TestNG.java:1218)
at org.testng.TestNG.runSuitesLocally(TestNG.java:1140)
at org.testng.TestNG.runSuites(TestNG.java:1069)
at org.testng.TestNG.run(TestNG.java:1037)
at org.apache.maven.surefire.testng.TestNGExecutor.run(TestNGExecutor.java:283)
at org.apache.maven.surefire.testng.TestNGXmlTestSuite.execute(TestNGXmlTestSuite.java:75)
at org.apache.maven.surefire.testng.TestNGProvider.invoke(TestNGProvider.java:120)
at org.apache.maven.surefire.booter.ForkedBooter.invokeProviderInSameClassLoader(ForkedBooter.java:384)
at org.apache.maven.surefire.booter.ForkedBooter.runSuitesInProcess(ForkedBooter.java:345)
at org.apache.maven.surefire.booter.ForkedBooter.execute(ForkedBooter.java:126)
at org.apache.maven.surefire.booter.ForkedBooter.main(ForkedBooter.java:418)
]]>
            </full-stacktrace>
          </exception> <!-- org.openqa.selenium.NoSuchElementException -->
          <reporter-output>
          </reporter-output>
        </test-method> <!-- searchFlight -->
        <test-method is-config="true" signature="tearDown()[pri:0, instance:com.qa.testscript.TC_FlightsModule_001@65b3f4a4]" started-at="2021-09-22T17:44:03 IST" name="tearDown" finished-at="2021-09-22T17:44:04 IST" duration-ms="128" status="PASS">
          <reporter-output>
          </reporter-output>
        </test-method> <!-- tearDown -->
      </class> <!-- com.qa.testscript.TC_FlightsModule_001 -->
    </test> <!-- Functional Test -->
  </suite> <!-- Goibibo Functional Testing -->
</testng-results>
